e:\chocolate-3d\chocolate-3d\debug\vc141.pdb
e:\chocolate-3d\chocolate-3d\debug\vc141.idb
e:\chocolate-3d\chocolate-3d\debug\material.obj
e:\chocolate-3d\chocolate-3d\debug\model.obj
e:\chocolate-3d\chocolate-3d\debug\texture.obj
e:\chocolate-3d\chocolate-3d\debug\usefull.obj
e:\chocolate-3d\chocolate-3d\debug\gengine.obj
e:\chocolate-3d\chocolate-3d\debug\json11.obj
e:\chocolate-3d\chocolate-3d\debug\d3device.obj
e:\chocolate-3d\chocolate-3d\debug\descfileloader.obj
e:\chocolate-3d\chocolate-3d\debug\pass.obj
e:\chocolate-3d\chocolate-3d\debug\resourcemanager.obj
e:\chocolate-3d\chocolate-3d\debug\shadermanager.obj
e:\chocolate-3d\chocolate-3d\debug\statemanager.obj
e:\chocolate-3d\chocolate-3d\debug\test.obj
e:\chocolate-3d\chocolate-3d\debug\pipeline.obj
e:\chocolate-3d\debug\chocolate-3d.ilk
e:\chocolate-3d\debug\chocolate-3d.exe
e:\chocolate-3d\debug\chocolate-3d.pdb
e:\chocolate-3d\chocolate-3d\debug\chocolate-3d.tlog\cl.command.1.tlog
e:\chocolate-3d\chocolate-3d\debug\chocolate-3d.tlog\cl.read.1.tlog
e:\chocolate-3d\chocolate-3d\debug\chocolate-3d.tlog\cl.write.1.tlog
e:\chocolate-3d\chocolate-3d\debug\chocolate-3d.tlog\link.command.1.tlog
e:\chocolate-3d\chocolate-3d\debug\chocolate-3d.tlog\link.read.1.tlog
e:\chocolate-3d\chocolate-3d\debug\chocolate-3d.tlog\link.write.1.tlog
