  test.cpp
e:\github\chocolate-3d\chocolate-3d\test.cpp(58): warning C4305: “=”: 从“double”到“TReal”截断
          with
          [
              TReal=float
          ]
e:\github\chocolate-3d\chocolate-3d\test.cpp(60): warning C4305: “=”: 从“double”到“TReal”截断
          with
          [
              TReal=float
          ]
e:\github\chocolate-3d\chocolate-3d\test.cpp(62): warning C4305: “=”: 从“double”到“TReal”截断
          with
          [
              TReal=float
          ]
e:\github\chocolate-3d\chocolate-3d\test.cpp(64): warning C4305: “=”: 从“double”到“TReal”截断
          with
          [
              TReal=float
          ]
e:\github\chocolate-3d\chocolate-3d\test.cpp(78): warning C4305: “=”: 从“double”到“float”截断
e:\github\chocolate-3d\chocolate-3d\test.cpp(100): warning C4305: “参数”: 从“double”到“float”截断
e:\github\chocolate-3d\chocolate-3d\test.cpp(102): warning C4305: “参数”: 从“double”到“float”截断
e:\github\chocolate-3d\chocolate-3d\test.cpp(104): warning C4305: “参数”: 从“double”到“float”截断
e:\github\chocolate-3d\chocolate-3d\test.cpp(106): warning C4305: “参数”: 从“double”到“float”截断
e:\github\chocolate-3d\chocolate-3d\test.cpp(108): warning C4305: “参数”: 从“double”到“float”截断
e:\github\chocolate-3d\chocolate-3d\test.cpp(110): warning C4305: “参数”: 从“double”到“float”截断
e:\github\chocolate-3d\chocolate-3d\test.cpp(123): warning C4305: “初始化”: 从“double”到“float”截断
e:\github\chocolate-3d\chocolate-3d\test.cpp(127): warning C4305: “初始化”: 从“double”到“float”截断
e:\github\chocolate-3d\chocolate-3d\test.cpp(164): warning C4018: “<”: 有符号/无符号不匹配
e:\github\chocolate-3d\chocolate-3d\test.cpp(181): warning C4305: “+=”: 从“double”到“float”截断
e:\github\chocolate-3d\chocolate-3d\test.cpp(206): warning C4305: “参数”: 从“double”到“TReal”截断
          with
          [
              TReal=float
          ]
e:\github\chocolate-3d\chocolate-3d\test.cpp(211): warning C4305: “参数”: 从“double”到“float”截断
e:\github\chocolate-3d\chocolate-3d\test.cpp(245): warning C4305: “=”: 从“double”到“float”截断
e:\github\chocolate-3d\chocolate-3d\test.cpp(253): warning C4305: “=”: 从“double”到“float”截断
e:\github\chocolate-3d\chocolate-3d\test.cpp(254): warning C4305: “=”: 从“double”到“float”截断
e:\github\chocolate-3d\chocolate-3d\test.cpp(255): warning C4305: “=”: 从“double”到“float”截断
e:\github\chocolate-3d\chocolate-3d\test.cpp(261): warning C4305: “参数”: 从“double”到“float”截断
e:\github\chocolate-3d\chocolate-3d\test.cpp(262): warning C4305: “=”: 从“double”到“float”截断
e:\github\chocolate-3d\chocolate-3d\test.cpp(264): warning C4305: “=”: 从“double”到“float”截断
e:\github\chocolate-3d\chocolate-3d\test.cpp(265): warning C4305: “=”: 从“double”到“float”截断
e:\github\chocolate-3d\chocolate-3d\test.cpp(119): warning C4715: “WndProc”: 不是所有的控件路径都返回值
  Chocolate-3D.vcxproj -> E:\Github\Chocolate-3D\Debug\Chocolate-3D.exe
