  test.cpp
e:\github\chocolate-3d\chocolate-3d\test.cpp(62): warning C4305: “=”: 从“double”到“TReal”截断
          with
          [
              TReal=float
          ]
e:\github\chocolate-3d\chocolate-3d\test.cpp(64): warning C4305: “=”: 从“double”到“TReal”截断
          with
          [
              TReal=float
          ]
e:\github\chocolate-3d\chocolate-3d\test.cpp(66): warning C4305: “=”: 从“double”到“TReal”截断
          with
          [
              TReal=float
          ]
e:\github\chocolate-3d\chocolate-3d\test.cpp(68): warning C4305: “=”: 从“double”到“TReal”截断
          with
          [
              TReal=float
          ]
e:\github\chocolate-3d\chocolate-3d\test.cpp(82): warning C4305: “=”: 从“double”到“float”截断
e:\github\chocolate-3d\chocolate-3d\test.cpp(104): warning C4305: “参数”: 从“double”到“float”截断
e:\github\chocolate-3d\chocolate-3d\test.cpp(106): warning C4305: “参数”: 从“double”到“float”截断
e:\github\chocolate-3d\chocolate-3d\test.cpp(108): warning C4305: “参数”: 从“double”到“float”截断
e:\github\chocolate-3d\chocolate-3d\test.cpp(110): warning C4305: “参数”: 从“double”到“float”截断
e:\github\chocolate-3d\chocolate-3d\test.cpp(112): warning C4305: “参数”: 从“double”到“float”截断
e:\github\chocolate-3d\chocolate-3d\test.cpp(114): warning C4305: “参数”: 从“double”到“float”截断
e:\github\chocolate-3d\chocolate-3d\test.cpp(127): warning C4305: “初始化”: 从“double”到“float”截断
e:\github\chocolate-3d\chocolate-3d\test.cpp(131): warning C4305: “初始化”: 从“double”到“float”截断
e:\github\chocolate-3d\chocolate-3d\test.cpp(133): warning C4305: “参数”: 从“double”到“float”截断
e:\github\chocolate-3d\chocolate-3d\test.cpp(134): warning C4305: “参数”: 从“double”到“float”截断
e:\github\chocolate-3d\chocolate-3d\test.cpp(135): warning C4305: “参数”: 从“double”到“float”截断
e:\github\chocolate-3d\chocolate-3d\test.cpp(168): warning C4018: “<”: 有符号/无符号不匹配
e:\github\chocolate-3d\chocolate-3d\test.cpp(236): warning C4244: “=”: 从“double”转换到“TReal”，可能丢失数据
          with
          [
              TReal=float
          ]
e:\github\chocolate-3d\chocolate-3d\test.cpp(237): warning C4244: “=”: 从“double”转换到“TReal”，可能丢失数据
          with
          [
              TReal=float
          ]
e:\github\chocolate-3d\chocolate-3d\test.cpp(238): warning C4244: “=”: 从“double”转换到“TReal”，可能丢失数据
          with
          [
              TReal=float
          ]
e:\github\chocolate-3d\chocolate-3d\test.cpp(258): warning C4305: “参数”: 从“double”到“TReal”截断
          with
          [
              TReal=float
          ]
e:\github\chocolate-3d\chocolate-3d\test.cpp(284): warning C4305: “参数”: 从“double”到“float”截断
e:\github\chocolate-3d\chocolate-3d\test.cpp(291): warning C4305: “=”: 从“double”到“float”截断
e:\github\chocolate-3d\chocolate-3d\test.cpp(312): warning C4305: “参数”: 从“double”到“float”截断
e:\github\chocolate-3d\chocolate-3d\test.cpp(319): warning C4305: “=”: 从“double”到“float”截断
e:\github\chocolate-3d\chocolate-3d\test.cpp(325): warning C4305: “=”: 从“double”到“float”截断
e:\github\chocolate-3d\chocolate-3d\test.cpp(326): warning C4305: “=”: 从“double”到“float”截断
e:\github\chocolate-3d\chocolate-3d\test.cpp(327): warning C4305: “=”: 从“double”到“float”截断
e:\github\chocolate-3d\chocolate-3d\test.cpp(362): warning C4305: “=”: 从“double”到“float”截断
e:\github\chocolate-3d\chocolate-3d\test.cpp(363): warning C4305: “=”: 从“double”到“float”截断
e:\github\chocolate-3d\chocolate-3d\test.cpp(365): warning C4305: “=”: 从“double”到“float”截断
e:\github\chocolate-3d\chocolate-3d\test.cpp(366): warning C4305: “=”: 从“double”到“float”截断
e:\github\chocolate-3d\chocolate-3d\test.cpp(370): warning C4305: “=”: 从“double”到“float”截断
e:\github\chocolate-3d\chocolate-3d\test.cpp(383): warning C4305: “=”: 从“double”到“float”截断
e:\github\chocolate-3d\chocolate-3d\test.cpp(384): warning C4305: “=”: 从“double”到“float”截断
e:\github\chocolate-3d\chocolate-3d\test.cpp(393): warning C4305: “参数”: 从“double”到“float”截断
e:\github\chocolate-3d\chocolate-3d\test.cpp(395): warning C4305: “=”: 从“double”到“float”截断
e:\github\chocolate-3d\chocolate-3d\test.cpp(396): warning C4305: “=”: 从“double”到“float”截断
e:\github\chocolate-3d\chocolate-3d\test.cpp(397): warning C4305: “=”: 从“double”到“float”截断
e:\github\chocolate-3d\chocolate-3d\test.cpp(398): warning C4305: “=”: 从“double”到“float”截断
e:\github\chocolate-3d\chocolate-3d\test.cpp(399): warning C4305: “=”: 从“double”到“float”截断
e:\github\chocolate-3d\chocolate-3d\test.cpp(408): warning C4305: “=”: 从“double”到“float”截断
e:\github\chocolate-3d\chocolate-3d\test.cpp(412): warning C4305: “参数”: 从“double”到“float”截断
e:\github\chocolate-3d\chocolate-3d\test.cpp(413): warning C4305: “参数”: 从“double”到“float”截断
e:\github\chocolate-3d\chocolate-3d\test.cpp(418): warning C4305: “=”: 从“double”到“float”截断
e:\github\chocolate-3d\chocolate-3d\test.cpp(419): warning C4305: “=”: 从“double”到“float”截断
e:\github\chocolate-3d\chocolate-3d\test.cpp(420): warning C4305: “=”: 从“double”到“float”截断
e:\github\chocolate-3d\chocolate-3d\test.cpp(421): warning C4305: “=”: 从“double”到“float”截断
e:\github\chocolate-3d\chocolate-3d\test.cpp(422): warning C4305: “=”: 从“double”到“float”截断
  正在生成代码
  1 of 10316 functions (<0.1%) were compiled, the rest were copied from previous compilation.
    0 functions were new in current compilation
    0 functions had inline decision re-evaluated but remain unchanged
  已完成代码的生成
  Chocolate-3D.vcxproj -> E:\Github\Chocolate-3D\Release\Chocolate-3D.exe
