e:\chocolate-3d\release\chocolate-3d.ipdb
e:\chocolate-3d\release\chocolate-3d.iobj
e:\chocolate-3d\chocolate-3d\release\vc141.pdb
e:\chocolate-3d\chocolate-3d\release\json11.obj
e:\chocolate-3d\chocolate-3d\release\usefull.obj
e:\chocolate-3d\chocolate-3d\release\material.obj
e:\chocolate-3d\chocolate-3d\release\test.obj
e:\chocolate-3d\chocolate-3d\release\statemanager.obj
e:\chocolate-3d\chocolate-3d\release\shadermanager.obj
e:\chocolate-3d\chocolate-3d\release\resourcemanager.obj
e:\chocolate-3d\chocolate-3d\release\pass.obj
e:\chocolate-3d\chocolate-3d\release\descfileloader.obj
e:\chocolate-3d\chocolate-3d\release\pipeline.obj
e:\chocolate-3d\chocolate-3d\release\gengine.obj
e:\chocolate-3d\chocolate-3d\release\texture.obj
e:\chocolate-3d\chocolate-3d\release\model.obj
e:\chocolate-3d\release\chocolate-3d.exe
e:\chocolate-3d\release\chocolate-3d.pdb
e:\chocolate-3d\chocolate-3d\release\chocolate-3d.tlog\chocolate-3d.write.1u.tlog
e:\chocolate-3d\chocolate-3d\release\chocolate-3d.tlog\cl.command.1.tlog
e:\chocolate-3d\chocolate-3d\release\chocolate-3d.tlog\cl.read.1.tlog
e:\chocolate-3d\chocolate-3d\release\chocolate-3d.tlog\cl.write.1.tlog
e:\chocolate-3d\chocolate-3d\release\chocolate-3d.tlog\link.command.1.tlog
e:\chocolate-3d\chocolate-3d\release\chocolate-3d.tlog\link.read.1.tlog
e:\chocolate-3d\chocolate-3d\release\chocolate-3d.tlog\link.write.1.tlog
